# JRE version: OpenJDK Runtime Environment (21.0.8) (build 21.0.8+-14196175-b1038.72)
# Java VM: OpenJDK 64-Bit Server VM (21.0.8+-14196175-b1038.72, mixed mode, tiered, compressed oops, compressed class ptrs, g1 gc, windows-amd64)
GC Precious Log:
 CardTable entry size: 512
 Card Set container configuration: InlinePtr #cards 4 size 8 Array Of Cards #cards 16 size 48 Howl #buckets 8 coarsen threshold 3686 Howl Bitmap #cards 512 size 80 coarsen threshold 460 Card regions per heap region 1 cards per card region 4096
 CPUs: 8 total, 8 available
 Memory: 14055M
 Large Page Support: Disabled
 NUMA Support: Disabled
 Compressed Oops: Enabled (Zero based)
 Heap Region Size: 2M
 Heap Min Capacity: 8M
 Heap Initial Capacity: 220M
 Heap Max Capacity: 3514M
 Pre-touch: Disabled
 Parallel Workers: 8
 Concurrent Workers: 2
 Concurrent Refinement Workers: 8
 Periodic GC: Disabled
Heap:
 garbage-first heap   total 135168K, used 81360K [0x0000000724600000, 0x0000000800000000)
  region size 2048K, 31 young (63488K), 1 survivors (2048K)
 Metaspace       used 55097K, committed 55360K, reserved 1114112K
  class space    used 6544K, committed 6656K, reserved 1048576K
GC Heap History (20 events):
Event: 1.859 GC heap before
{Heap before GC invocations=0 (full 0):
 garbage-first heap   total 225280K, used 24576K [0x0000000724600000, 0x0000000800000000)
  region size 2048K, 11 young (22528K), 0 survivors (0K)
 Metaspace       used 13637K, committed 13760K, reserved 1114112K
  class space    used 1287K, committed 1344K, reserved 1048576K
}
Event: 2.075 GC heap after
{Heap after GC invocations=1 (full 0):
 garbage-first heap   total 225280K, used 6971K [0x0000000724600000, 0x0000000800000000)
  region size 2048K, 2 young (4096K), 2 survivors (4096K)
 Metaspace       used 13637K, committed 13760K, reserved 1114112K
  class space    used 1287K, committed 1344K, reserved 1048576K
}
Event: 3.628 GC heap before
{Heap before GC invocations=1 (full 0):
 garbage-first heap   total 225280K, used 33595K [0x0000000724600000, 0x0000000800000000)
  region size 2048K, 17 young (34816K), 2 survivors (4096K)
 Metaspace       used 21395K, committed 21504K, reserved 1114112K
  class space    used 2345K, committed 2432K, reserved 1048576K
}
Event: 3.635 GC heap after
{Heap after GC invocations=2 (full 0):
 garbage-first heap   total 225280K, used 10074K [0x0000000724600000, 0x0000000800000000)
  region size 2048K, 3 young (6144K), 3 survivors (6144K)
 Metaspace       used 21395K, committed 21504K, reserved 1114112K
  class space    used 2345K, committed 2432K, reserved 1048576K
}
Event: 6.384 GC heap before
{Heap before GC invocations=3 (full 0):
 garbage-first heap   total 34816K, used 34650K [0x0000000724600000, 0x0000000800000000)
  region size 2048K, 15 young (30720K), 3 survivors (6144K)
 Metaspace       used 30526K, committed 30784K, reserved 1114112K
  class space    used 3933K, committed 4032K, reserved 1048576K
}
Event: 6.397 GC heap after
{Heap after GC invocations=4 (full 0):
 garbage-first heap   total 43008K, used 11308K [0x0000000724600000, 0x0000000800000000)
  region size 2048K, 4 young (8192K), 4 survivors (8192K)
 Metaspace       used 30526K, committed 30784K, reserved 1114112K
  class space    used 3933K, committed 4032K, reserved 1048576K
}
Event: 7.175 GC heap before
{Heap before GC invocations=4 (full 0):
 garbage-first heap   total 43008K, used 27692K [0x0000000724600000, 0x0000000800000000)
  region size 2048K, 12 young (24576K), 4 survivors (8192K)
 Metaspace       used 32096K, committed 32384K, reserved 1114112K
  class space    used 4141K, committed 4288K, reserved 1048576K
}
Event: 7.191 GC heap after
{Heap after GC invocations=5 (full 0):
 garbage-first heap   total 43008K, used 16061K [0x0000000724600000, 0x0000000800000000)
  region size 2048K, 2 young (4096K), 2 survivors (4096K)
 Metaspace       used 32096K, committed 32384K, reserved 1114112K
  class space    used 4141K, committed 4288K, reserved 1048576K
}
Event: 8.666 GC heap before
{Heap before GC invocations=5 (full 0):
 garbage-first heap   total 43008K, used 32445K [0x0000000724600000, 0x0000000800000000)
  region size 2048K, 10 young (20480K), 2 survivors (4096K)
 Metaspace       used 35762K, committed 35968K, reserved 1114112K
  class space    used 4552K, committed 4672K, reserved 1048576K
}
Event: 8.675 GC heap after
{Heap after GC invocations=6 (full 0):
 garbage-first heap   total 43008K, used 18807K [0x0000000724600000, 0x0000000800000000)
  region size 2048K, 2 young (4096K), 2 survivors (4096K)
 Metaspace       used 35762K, committed 35968K, reserved 1114112K
  class space    used 4552K, committed 4672K, reserved 1048576K
}
Event: 8.796 GC heap before
{Heap before GC invocations=6 (full 0):
 garbage-first heap   total 43008K, used 18807K [0x0000000724600000, 0x0000000800000000)
  region size 2048K, 3 young (6144K), 2 survivors (4096K)
 Metaspace       used 36216K, committed 36480K, reserved 1114112K
  class space    used 4604K, committed 4736K, reserved 1048576K
}
Event: 8.800 GC heap after
{Heap after GC invocations=7 (full 0):
 garbage-first heap   total 43008K, used 19378K [0x0000000724600000, 0x0000000800000000)
  region size 2048K, 1 young (2048K), 1 survivors (2048K)
 Metaspace       used 36216K, committed 36480K, reserved 1114112K
  class space    used 4604K, committed 4736K, reserved 1048576K
}
Event: 9.369 GC heap before
{Heap before GC invocations=8 (full 0):
 garbage-first heap   total 43008K, used 31666K [0x0000000724600000, 0x0000000800000000)
  region size 2048K, 7 young (14336K), 1 survivors (2048K)
 Metaspace       used 38701K, committed 38912K, reserved 1114112K
  class space    used 4895K, committed 4992K, reserved 1048576K
}
Event: 9.373 GC heap after
{Heap after GC invocations=9 (full 0):
 garbage-first heap   total 43008K, used 20446K [0x0000000724600000, 0x0000000800000000)
  region size 2048K, 1 young (2048K), 1 survivors (2048K)
 Metaspace       used 38701K, committed 38912K, reserved 1114112K
  class space    used 4895K, committed 4992K, reserved 1048576K
}
Event: 10.966 GC heap before
{Heap before GC invocations=9 (full 0):
 garbage-first heap   total 43008K, used 34782K [0x0000000724600000, 0x0000000800000000)
  region size 2048K, 8 young (16384K), 1 survivors (2048K)
 Metaspace       used 40608K, committed 40832K, reserved 1114112K
  class space    used 5089K, committed 5184K, reserved 1048576K
}
Event: 10.974 GC heap after
{Heap after GC invocations=10 (full 0):
 garbage-first heap   total 43008K, used 22528K [0x0000000724600000, 0x0000000800000000)
  region size 2048K, 1 young (2048K), 1 survivors (2048K)
 Metaspace       used 40608K, committed 40832K, reserved 1114112K
  class space    used 5089K, committed 5184K, reserved 1048576K
}
Event: 11.812 GC heap before
{Heap before GC invocations=10 (full 0):
 garbage-first heap   total 43008K, used 32768K [0x0000000724600000, 0x0000000800000000)
  region size 2048K, 7 young (14336K), 1 survivors (2048K)
 Metaspace       used 43496K, committed 43776K, reserved 1114112K
  class space    used 5382K, committed 5504K, reserved 1048576K
}
Event: 11.817 GC heap after
{Heap after GC invocations=11 (full 0):
 garbage-first heap   total 43008K, used 23549K [0x0000000724600000, 0x0000000800000000)
  region size 2048K, 1 young (2048K), 1 survivors (2048K)
 Metaspace       used 43496K, committed 43776K, reserved 1114112K
  class space    used 5382K, committed 5504K, reserved 1048576K
}
Event: 12.564 GC heap before
{Heap before GC invocations=12 (full 0):
 garbage-first heap   total 45056K, used 31741K [0x0000000724600000, 0x0000000800000000)
  region size 2048K, 6 young (12288K), 1 survivors (2048K)
 Metaspace       used 46785K, committed 47040K, reserved 1114112K
  class space    used 5706K, committed 5824K, reserved 1048576K
}
Event: 12.568 GC heap after
{Heap after GC invocations=13 (full 0):
 garbage-first heap   total 135168K, used 24016K [0x0000000724600000, 0x0000000800000000)
  region size 2048K, 1 young (2048K), 1 survivors (2048K)
 Metaspace       used 46785K, committed 47040K, reserved 1114112K
  class space    used 5706K, committed 5824K, reserved 1048576K
}

